[2025-04-30T23:04:40.717+0000] {taskinstance.py:1979} INFO - Dependencies all met for dep_context=non-requeueable deps ti=<TaskInstance: bikeshare_etl_pipeline.transform_data manual__2025-04-30T22:38:47.303758+00:00 [queued]>
[2025-04-30T23:04:40.734+0000] {taskinstance.py:1979} INFO - Dependencies all met for dep_context=requeueable deps ti=<TaskInstance: bikeshare_etl_pipeline.transform_data manual__2025-04-30T22:38:47.303758+00:00 [queued]>
[2025-04-30T23:04:40.735+0000] {taskinstance.py:2193} INFO - Starting attempt 3 of 4
[2025-04-30T23:04:40.753+0000] {taskinstance.py:2217} INFO - Executing <Task(_PythonDecoratedOperator): transform_data> on 2025-04-30 22:38:47.303758+00:00
[2025-04-30T23:04:40.761+0000] {standard_task_runner.py:60} INFO - Started process 14430 to run task
[2025-04-30T23:04:40.764+0000] {standard_task_runner.py:87} INFO - Running: ['airflow', 'tasks', 'run', 'bikeshare_etl_pipeline', 'transform_data', 'manual__2025-04-30T22:38:47.303758+00:00', '--job-id', '129', '--raw', '--subdir', 'DAGS_FOLDER/etl_pipeline.py', '--cfg-path', '/tmp/tmpjudq3r0r']
[2025-04-30T23:04:40.766+0000] {standard_task_runner.py:88} INFO - Job 129: Subtask transform_data
[2025-04-30T23:04:40.928+0000] {task_command.py:423} INFO - Running <TaskInstance: bikeshare_etl_pipeline.transform_data manual__2025-04-30T22:38:47.303758+00:00 [running]> on host e4f2445a264f
[2025-04-30T23:04:41.214+0000] {taskinstance.py:2513} INFO - Exporting env vars: AIRFLOW_CTX_DAG_EMAIL='adedoyinsamuel25@gmail.com' AIRFLOW_CTX_DAG_OWNER='airflow' AIRFLOW_CTX_DAG_ID='bikeshare_etl_pipeline' AIRFLOW_CTX_TASK_ID='transform_data' AIRFLOW_CTX_EXECUTION_DATE='2025-04-30T22:38:47.303758+00:00' AIRFLOW_CTX_TRY_NUMBER='3' AIRFLOW_CTX_DAG_RUN_ID='manual__2025-04-30T22:38:47.303758+00:00'
[2025-04-30T23:04:42.222+0000] {python.py:202} INFO - Done. Returned value was: shape: (175_233, 16)
┌────────────┬────────────┬────────────┬────────────┬───┬───────────┬───────────┬───────────┬──────┐
│ ride_id    ┆ rideable_t ┆ started_at ┆ ended_at   ┆ … ┆ member_ca ┆ duration  ┆ duration_ ┆ week │
│ ---        ┆ ype        ┆ ---        ┆ ---        ┆   ┆ sual      ┆ ---       ┆ seconds   ┆ ---  │
│ str        ┆ ---        ┆ datetime[μ ┆ datetime[μ ┆   ┆ ---       ┆ duration[ ┆ ---       ┆ i8   │
│            ┆ str        ┆ s]         ┆ s]         ┆   ┆ str       ┆ μs]       ┆ i64       ┆      │
╞════════════╪════════════╪════════════╪════════════╪═══╪═══════════╪═══════════╪═══════════╪══════╡
│ 1E40C34D8E ┆ classic_bi ┆ 2022-12-11 ┆ 2022-12-11 ┆ … ┆ casual    ┆ 7m 5s     ┆ 425       ┆ 49   │
│ 59DFBE     ┆ ke         ┆ 21:22:52   ┆ 21:29:57   ┆   ┆           ┆           ┆           ┆      │
│ 1772ED61ED ┆ classic_bi ┆ 2022-12-03 ┆ 2022-12-03 ┆ … ┆ member    ┆ 23m 18s   ┆ 1398      ┆ 48   │
│ 591E97     ┆ ke         ┆ 14:06:56   ┆ 14:30:14   ┆   ┆           ┆           ┆           ┆      │
│ F7F6957EE4 ┆ classic_bi ┆ 2022-12-12 ┆ 2022-12-12 ┆ … ┆ member    ┆ 11m 14s   ┆ 674       ┆ 50   │
│ 5830CB     ┆ ke         ┆ 07:49:59   ┆ 08:01:13   ┆   ┆           ┆           ┆           ┆      │
│ 4944F4FDA6 ┆ classic_bi ┆ 2022-12-30 ┆ 2022-12-30 ┆ … ┆ casual    ┆ 8m 9s     ┆ 489       ┆ 52   │
│ 6A5395     ┆ ke         ┆ 19:56:39   ┆ 20:04:48   ┆   ┆           ┆           ┆           ┆      │
│ ADB93A2D45 ┆ classic_bi ┆ 2022-12-03 ┆ 2022-12-03 ┆ … ┆ member    ┆ 10m       ┆ 600       ┆ 48   │
│ B6BF9D     ┆ ke         ┆ 19:10:15   ┆ 19:20:15   ┆   ┆           ┆           ┆           ┆      │
│ …          ┆ …          ┆ …          ┆ …          ┆ … ┆ …         ┆ …         ┆ …         ┆ …    │
│ 573F4AFD2B ┆ classic_bi ┆ 2022-12-10 ┆ 2022-12-10 ┆ … ┆ casual    ┆ 21m 49s   ┆ 1309      ┆ 49   │
│ D05905     ┆ ke         ┆ 16:37:26   ┆ 16:59:15   ┆   ┆           ┆           ┆           ┆      │
│ 8BFDD64A89 ┆ classic_bi ┆ 2022-12-18 ┆ 2022-12-18 ┆ … ┆ member    ┆ 4m 27s    ┆ 267       ┆ 50   │
│ B6651C     ┆ ke         ┆ 14:50:49   ┆ 14:55:16   ┆   ┆           ┆           ┆           ┆      │
│ DF2C58C710 ┆ electric_b ┆ 2022-12-29 ┆ 2022-12-29 ┆ … ┆ casual    ┆ 9m 8s     ┆ 548       ┆ 52   │
│ 207072     ┆ ike        ┆ 22:23:04   ┆ 22:32:12   ┆   ┆           ┆           ┆           ┆      │
│ C0AA1B3C18 ┆ classic_bi ┆ 2022-12-13 ┆ 2022-12-13 ┆ … ┆ member    ┆ 1m 26s    ┆ 86        ┆ 50   │
│ B5D7AA     ┆ ke         ┆ 14:13:18   ┆ 14:14:44   ┆   ┆           ┆           ┆           ┆      │
│ 1FA3CF0E4E ┆ classic_bi ┆ 2022-12-08 ┆ 2022-12-08 ┆ … ┆ member    ┆ 4m 55s    ┆ 295       ┆ 49   │
│ F6BEA3     ┆ ke         ┆ 07:55:26   ┆ 08:00:21   ┆   ┆           ┆           ┆           ┆      │
└────────────┴────────────┴────────────┴────────────┴───┴───────────┴───────────┴───────────┴──────┘
[2025-04-30T23:04:42.408+0000] {xcom.py:664} ERROR - Object of type bytes is not JSON serializable. If you are using pickle instead of JSON for XCom, then you need to enable pickle support for XCom in your airflow config or make sure to decorate your object with attr.
[2025-04-30T23:04:42.412+0000] {taskinstance.py:2731} ERROR - Task failed with exception
Traceback (most recent call last):
  File "/home/airflow/.local/lib/python3.8/site-packages/airflow/utils/json.py", line 91, in default
    return serialize(o)
  File "/home/airflow/.local/lib/python3.8/site-packages/airflow/serialization/serde.py", line 189, in serialize
    raise TypeError(f"cannot serialize object of type {cls}")
TypeError: cannot serialize object of type <class 'bytes'>

During handling of the above exception, another exception occurred:

Traceback (most recent call last):
  File "/home/airflow/.local/lib/python3.8/site-packages/airflow/models/taskinstance.py", line 451, in _execute_task
    task_instance.xcom_push(key=XCOM_RETURN_KEY, value=xcom_value, session=session)
  File "/home/airflow/.local/lib/python3.8/site-packages/airflow/utils/session.py", line 76, in wrapper
    return func(*args, **kwargs)
  File "/home/airflow/.local/lib/python3.8/site-packages/airflow/models/taskinstance.py", line 3013, in xcom_push
    XCom.set(
  File "/home/airflow/.local/lib/python3.8/site-packages/airflow/utils/session.py", line 76, in wrapper
    return func(*args, **kwargs)
  File "/home/airflow/.local/lib/python3.8/site-packages/airflow/models/xcom.py", line 247, in set
    value = cls.serialize_value(
  File "/home/airflow/.local/lib/python3.8/site-packages/airflow/models/xcom.py", line 662, in serialize_value
    return json.dumps(value, cls=XComEncoder).encode("UTF-8")
  File "/usr/local/lib/python3.8/json/__init__.py", line 234, in dumps
    return cls(
  File "/home/airflow/.local/lib/python3.8/site-packages/airflow/utils/json.py", line 104, in encode
    return super().encode(o)
  File "/usr/local/lib/python3.8/json/encoder.py", line 199, in encode
    chunks = self.iterencode(o, _one_shot=True)
  File "/usr/local/lib/python3.8/json/encoder.py", line 257, in iterencode
    return _iterencode(o, 0)
  File "/home/airflow/.local/lib/python3.8/site-packages/airflow/utils/json.py", line 93, in default
    return super().default(o)
  File "/usr/local/lib/python3.8/json/encoder.py", line 179, in default
    raise TypeError(f'Object of type {o.__class__.__name__} '
TypeError: Object of type bytes is not JSON serializable
[2025-04-30T23:04:42.452+0000] {taskinstance.py:1149} INFO - Marking task as UP_FOR_RETRY. dag_id=bikeshare_etl_pipeline, task_id=transform_data, execution_date=20250430T223847, start_date=20250430T230440, end_date=20250430T230442
[2025-04-30T23:04:42.473+0000] {standard_task_runner.py:107} ERROR - Failed to execute job 129 for task transform_data (Object of type bytes is not JSON serializable; 14430)
[2025-04-30T23:04:42.501+0000] {local_task_job_runner.py:234} INFO - Task exited with return code 1
[2025-04-30T23:04:42.562+0000] {taskinstance.py:3312} INFO - 0 downstream tasks scheduled from follow-on schedule check
